<?xml version="1.0" encoding="UTF-8"?>
<!-- Generated by org.testng.reporters.JUnitReportReporter -->
<testsuite hostname="Pankaj" failures="0" tests="2" name="Testing.SeleniumAutomation.SeleniumTest" time="0.011" errors="0" timestamp="2023-05-08T15:05:19 BST" skipped="0">
  <testcase classname="Testing.SeleniumAutomation.SeleniumTest" name="webdriver" time="0.010"/>
  <system-out/>
  <testcase classname="Testing.SeleniumAutomation.SeleniumTest" name="webseldriver" time="0.001"/>
  <system-out/>
</testsuite> <!-- Testing.SeleniumAutomation.SeleniumTest -->
