<?xml version="1.0" encoding="UTF-8"?>
<!-- Generated by org.testng.reporters.JUnitReportReporter -->
<testsuite hostname="Pankaj" failures="0" tests="1" name="Testing.SeleniumAutomation.AppiumTest" time="0.000" errors="0" timestamp="2023-05-08T15:05:19 BST" skipped="0">
  <testcase classname="Testing.SeleniumAutomation.AppiumTest" name="webappdriver" time="0.000"/>
  <system-out/>
</testsuite> <!-- Testing.SeleniumAutomation.AppiumTest -->
